20:14:26.285 [main] INFO  testCases.TC_001_AccountRegistrationTest - ***  Starting TC_001_AccountRegistrationTest ***
20:14:26.424 [main] INFO  testCases.TC_001_AccountRegistrationTest - Clicked on My account link
20:14:26.960 [main] INFO  testCases.TC_001_AccountRegistrationTest - Clicked on register link
20:14:26.968 [main] INFO  testCases.TC_001_AccountRegistrationTest - Providing customer data
20:14:37.321 [main] ERROR testCases.TC_001_AccountRegistrationTest - test failed
13:32:31.861 [TestNG-tests-2] INFO  testCases.TC_001_AccountRegistrationTest - ***  Starting TC_001_AccountRegistrationTest ***
13:32:32.437 [TestNG-tests-2] INFO  testCases.TC_001_AccountRegistrationTest - Clicked on My account link
13:32:33.319 [TestNG-tests-2] INFO  testCases.TC_001_AccountRegistrationTest - Clicked on register link
13:32:33.323 [TestNG-tests-2] INFO  testCases.TC_001_AccountRegistrationTest - Providing customer data
13:32:41.160 [TestNG-tests-2] ERROR testCases.TC_001_AccountRegistrationTest - test failed
13:33:50.471 [main] INFO  testCases.TC_001_AccountRegistrationTest - ***  Starting TC_001_AccountRegistrationTest ***
13:33:50.589 [main] INFO  testCases.TC_001_AccountRegistrationTest - Clicked on My account link
13:33:51.102 [main] INFO  testCases.TC_001_AccountRegistrationTest - Clicked on register link
13:33:51.109 [main] INFO  testCases.TC_001_AccountRegistrationTest - Providing customer data
13:33:52.559 [main] ERROR testCases.TC_001_AccountRegistrationTest - test failed
13:41:18.911 [main] INFO  testCases.TC_001_AccountRegistrationTest - ***  Starting TC_001_AccountRegistrationTest ***
13:41:19.028 [main] INFO  testCases.TC_001_AccountRegistrationTest - Clicked on My account link
13:41:19.870 [main] INFO  testCases.TC_001_AccountRegistrationTest - Clicked on register link
13:41:19.875 [main] INFO  testCases.TC_001_AccountRegistrationTest - Providing customer data
13:41:21.354 [main] ERROR testCases.TC_001_AccountRegistrationTest - test failed
14:08:24.500 [main] INFO  testCases.TC_001_AccountRegistrationTest - ***  Starting TC_001_AccountRegistrationTest ***
14:08:24.614 [main] INFO  testCases.TC_001_AccountRegistrationTest - Clicked on My account link
14:08:25.157 [main] INFO  testCases.TC_001_AccountRegistrationTest - Clicked on register link
14:08:25.161 [main] INFO  testCases.TC_001_AccountRegistrationTest - Providing customer data
14:08:26.575 [main] ERROR testCases.TC_001_AccountRegistrationTest - test failed
21:48:25.211 [main] INFO  testCases.TC_002_LoginTest - ****************************Starting TC_002_LoginTest***************************************
13:39:07.676 [main] INFO  testCases.TC_002_LoginTest - ****************************Starting TC_002_LoginTest***************************************
